/home/master/Documents/Programming/ARI_CARLA/carla_ws/src/install/carla_driver/lib/python3.10/site-packages/carla_driver/__init__.py
/home/master/Documents/Programming/ARI_CARLA/carla_ws/src/install/carla_driver/lib/python3.10/site-packages/carla_driver/carla_other_vehicles.py
/home/master/Documents/Programming/ARI_CARLA/carla_ws/src/install/carla_driver/lib/python3.10/site-packages/carla_driver/test_files.py
/home/master/Documents/Programming/ARI_CARLA/carla_ws/src/install/carla_driver/lib/python3.10/site-packages/carla_driver/carla_client_node.py
/home/master/Documents/Programming/ARI_CARLA/carla_ws/src/install/carla_driver/lib/python3.10/site-packages/carla_driver/__pycache__/__init__.cpython-310.pyc
/home/master/Documents/Programming/ARI_CARLA/carla_ws/src/install/carla_driver/lib/python3.10/site-packages/carla_driver/__pycache__/carla_other_vehicles.cpython-310.pyc
/home/master/Documents/Programming/ARI_CARLA/carla_ws/src/install/carla_driver/lib/python3.10/site-packages/carla_driver/__pycache__/test_files.cpython-310.pyc
/home/master/Documents/Programming/ARI_CARLA/carla_ws/src/install/carla_driver/lib/python3.10/site-packages/carla_driver/__pycache__/carla_client_node.cpython-310.pyc
/home/master/Documents/Programming/ARI_CARLA/carla_ws/src/install/carla_driver/share/ament_index/resource_index/packages/carla_driver
/home/master/Documents/Programming/ARI_CARLA/carla_ws/src/install/carla_driver/share/carla_driver/package.xml
/home/master/Documents/Programming/ARI_CARLA/carla_ws/src/install/carla_driver/share/carla_driver/launch/script_launch.py
/home/master/Documents/Programming/ARI_CARLA/carla_ws/src/install/carla_driver/lib/python3.10/site-packages/carla_driver-0.0.0-py3.10.egg-info/top_level.txt
/home/master/Documents/Programming/ARI_CARLA/carla_ws/src/install/carla_driver/lib/python3.10/site-packages/carla_driver-0.0.0-py3.10.egg-info/entry_points.txt
/home/master/Documents/Programming/ARI_CARLA/carla_ws/src/install/carla_driver/lib/python3.10/site-packages/carla_driver-0.0.0-py3.10.egg-info/SOURCES.txt
/home/master/Documents/Programming/ARI_CARLA/carla_ws/src/install/carla_driver/lib/python3.10/site-packages/carla_driver-0.0.0-py3.10.egg-info/PKG-INFO
/home/master/Documents/Programming/ARI_CARLA/carla_ws/src/install/carla_driver/lib/python3.10/site-packages/carla_driver-0.0.0-py3.10.egg-info/dependency_links.txt
/home/master/Documents/Programming/ARI_CARLA/carla_ws/src/install/carla_driver/lib/python3.10/site-packages/carla_driver-0.0.0-py3.10.egg-info/requires.txt
/home/master/Documents/Programming/ARI_CARLA/carla_ws/src/install/carla_driver/lib/python3.10/site-packages/carla_driver-0.0.0-py3.10.egg-info/zip-safe
/home/master/Documents/Programming/ARI_CARLA/carla_ws/src/install/carla_driver/lib/carla_driver/carla_client_node
/home/master/Documents/Programming/ARI_CARLA/carla_ws/src/install/carla_driver/lib/carla_driver/carla_other_vehicles
/home/master/Documents/Programming/ARI_CARLA/carla_ws/src/install/carla_driver/lib/carla_driver/test_client
