[0.577s] Invoking command in '/home/master/Documents/Programming/ARI_CARLA/carla_ws/src/carla_driver': PYTHONPATH=/home/master/Documents/Programming/ARI_CARLA/carla_ws/src/build/carla_driver/prefix_override:/usr/lib/python3/dist-packages/colcon_core/task/python/colcon_distutils_commands:/home/master/Documents/Programming/ARI_CARLA/carla_ws/src/install/carla_driver/lib/python3.10/site-packages:${PYTHONPATH} /usr/bin/python3 -W ignore:setup.py install is deprecated -W ignore:easy_install command is deprecated setup.py egg_info --egg-base ../build/carla_driver build --build-base /home/master/Documents/Programming/ARI_CARLA/carla_ws/src/build/carla_driver/build install --record /home/master/Documents/Programming/ARI_CARLA/carla_ws/src/build/carla_driver/install.log --single-version-externally-managed install_data
[0.806s] running egg_info
[0.807s] creating ../build/carla_driver/carla_driver.egg-info
[0.807s] writing ../build/carla_driver/carla_driver.egg-info/PKG-INFO
[0.807s] writing dependency_links to ../build/carla_driver/carla_driver.egg-info/dependency_links.txt
[0.807s] writing entry points to ../build/carla_driver/carla_driver.egg-info/entry_points.txt
[0.807s] writing requirements to ../build/carla_driver/carla_driver.egg-info/requires.txt
[0.807s] writing top-level names to ../build/carla_driver/carla_driver.egg-info/top_level.txt
[0.807s] writing manifest file '../build/carla_driver/carla_driver.egg-info/SOURCES.txt'
[0.808s] reading manifest file '../build/carla_driver/carla_driver.egg-info/SOURCES.txt'
[0.810s] writing manifest file '../build/carla_driver/carla_driver.egg-info/SOURCES.txt'
[0.810s] running build
[0.810s] running build_py
[0.810s] creating /home/master/Documents/Programming/ARI_CARLA/carla_ws/src/build/carla_driver/build
[0.810s] creating /home/master/Documents/Programming/ARI_CARLA/carla_ws/src/build/carla_driver/build/lib
[0.810s] creating /home/master/Documents/Programming/ARI_CARLA/carla_ws/src/build/carla_driver/build/lib/carla_driver
[0.810s] copying carla_driver/__init__.py -> /home/master/Documents/Programming/ARI_CARLA/carla_ws/src/build/carla_driver/build/lib/carla_driver
[0.810s] copying carla_driver/carla_other_vehicles.py -> /home/master/Documents/Programming/ARI_CARLA/carla_ws/src/build/carla_driver/build/lib/carla_driver
[0.810s] copying carla_driver/test_files.py -> /home/master/Documents/Programming/ARI_CARLA/carla_ws/src/build/carla_driver/build/lib/carla_driver
[0.810s] copying carla_driver/carla_client_node.py -> /home/master/Documents/Programming/ARI_CARLA/carla_ws/src/build/carla_driver/build/lib/carla_driver
[0.810s] running install
[0.811s] running install_lib
[0.811s] creating /home/master/Documents/Programming/ARI_CARLA/carla_ws/src/install/carla_driver/lib/python3.10/site-packages/carla_driver
[0.811s] copying /home/master/Documents/Programming/ARI_CARLA/carla_ws/src/build/carla_driver/build/lib/carla_driver/__init__.py -> /home/master/Documents/Programming/ARI_CARLA/carla_ws/src/install/carla_driver/lib/python3.10/site-packages/carla_driver
[0.811s] copying /home/master/Documents/Programming/ARI_CARLA/carla_ws/src/build/carla_driver/build/lib/carla_driver/carla_other_vehicles.py -> /home/master/Documents/Programming/ARI_CARLA/carla_ws/src/install/carla_driver/lib/python3.10/site-packages/carla_driver
[0.811s] copying /home/master/Documents/Programming/ARI_CARLA/carla_ws/src/build/carla_driver/build/lib/carla_driver/test_files.py -> /home/master/Documents/Programming/ARI_CARLA/carla_ws/src/install/carla_driver/lib/python3.10/site-packages/carla_driver
[0.811s] copying /home/master/Documents/Programming/ARI_CARLA/carla_ws/src/build/carla_driver/build/lib/carla_driver/carla_client_node.py -> /home/master/Documents/Programming/ARI_CARLA/carla_ws/src/install/carla_driver/lib/python3.10/site-packages/carla_driver
[0.812s] byte-compiling /home/master/Documents/Programming/ARI_CARLA/carla_ws/src/install/carla_driver/lib/python3.10/site-packages/carla_driver/__init__.py to __init__.cpython-310.pyc
[0.812s] byte-compiling /home/master/Documents/Programming/ARI_CARLA/carla_ws/src/install/carla_driver/lib/python3.10/site-packages/carla_driver/carla_other_vehicles.py to carla_other_vehicles.cpython-310.pyc
[0.813s] byte-compiling /home/master/Documents/Programming/ARI_CARLA/carla_ws/src/install/carla_driver/lib/python3.10/site-packages/carla_driver/test_files.py to test_files.cpython-310.pyc
[0.814s] byte-compiling /home/master/Documents/Programming/ARI_CARLA/carla_ws/src/install/carla_driver/lib/python3.10/site-packages/carla_driver/carla_client_node.py to carla_client_node.cpython-310.pyc
[0.815s] running install_data
[0.815s] creating /home/master/Documents/Programming/ARI_CARLA/carla_ws/src/install/carla_driver/share/ament_index
[0.816s] creating /home/master/Documents/Programming/ARI_CARLA/carla_ws/src/install/carla_driver/share/ament_index/resource_index
[0.816s] creating /home/master/Documents/Programming/ARI_CARLA/carla_ws/src/install/carla_driver/share/ament_index/resource_index/packages
[0.816s] copying resource/carla_driver -> /home/master/Documents/Programming/ARI_CARLA/carla_ws/src/install/carla_driver/share/ament_index/resource_index/packages
[0.816s] copying package.xml -> /home/master/Documents/Programming/ARI_CARLA/carla_ws/src/install/carla_driver/share/carla_driver
[0.816s] creating /home/master/Documents/Programming/ARI_CARLA/carla_ws/src/install/carla_driver/share/carla_driver/launch
[0.816s] copying launch/script_launch.py -> /home/master/Documents/Programming/ARI_CARLA/carla_ws/src/install/carla_driver/share/carla_driver/launch
[0.816s] running install_egg_info
[0.817s] Copying ../build/carla_driver/carla_driver.egg-info to /home/master/Documents/Programming/ARI_CARLA/carla_ws/src/install/carla_driver/lib/python3.10/site-packages/carla_driver-0.0.0-py3.10.egg-info
[0.818s] running install_scripts
[0.835s] Installing carla_client_node script to /home/master/Documents/Programming/ARI_CARLA/carla_ws/src/install/carla_driver/lib/carla_driver
[0.836s] Installing carla_other_vehicles script to /home/master/Documents/Programming/ARI_CARLA/carla_ws/src/install/carla_driver/lib/carla_driver
[0.836s] Installing test_client script to /home/master/Documents/Programming/ARI_CARLA/carla_ws/src/install/carla_driver/lib/carla_driver
[0.836s] writing list of installed files to '/home/master/Documents/Programming/ARI_CARLA/carla_ws/src/build/carla_driver/install.log'
[0.854s] Invoked command in '/home/master/Documents/Programming/ARI_CARLA/carla_ws/src/carla_driver' returned '0': PYTHONPATH=/home/master/Documents/Programming/ARI_CARLA/carla_ws/src/build/carla_driver/prefix_override:/usr/lib/python3/dist-packages/colcon_core/task/python/colcon_distutils_commands:/home/master/Documents/Programming/ARI_CARLA/carla_ws/src/install/carla_driver/lib/python3.10/site-packages:${PYTHONPATH} /usr/bin/python3 -W ignore:setup.py install is deprecated -W ignore:easy_install command is deprecated setup.py egg_info --egg-base ../build/carla_driver build --build-base /home/master/Documents/Programming/ARI_CARLA/carla_ws/src/build/carla_driver/build install --record /home/master/Documents/Programming/ARI_CARLA/carla_ws/src/build/carla_driver/install.log --single-version-externally-managed install_data
