running egg_info
writing ../../build/carla_driver/carla_driver.egg-info/PKG-INFO
writing dependency_links to ../../build/carla_driver/carla_driver.egg-info/dependency_links.txt
writing entry points to ../../build/carla_driver/carla_driver.egg-info/entry_points.txt
writing requirements to ../../build/carla_driver/carla_driver.egg-info/requires.txt
writing top-level names to ../../build/carla_driver/carla_driver.egg-info/top_level.txt
reading manifest file '../../build/carla_driver/carla_driver.egg-info/SOURCES.txt'
writing manifest file '../../build/carla_driver/carla_driver.egg-info/SOURCES.txt'
running build
running build_py
copying carla_driver/test_files.py -> /home/master/Documents/Programming/ARI_CARLA/carla_ws/build/carla_driver/build/lib/carla_driver
copying carla_driver/carla_client_node.py -> /home/master/Documents/Programming/ARI_CARLA/carla_ws/build/carla_driver/build/lib/carla_driver
running install
running install_lib
copying /home/master/Documents/Programming/ARI_CARLA/carla_ws/build/carla_driver/build/lib/carla_driver/test_files.py -> /home/master/Documents/Programming/ARI_CARLA/carla_ws/install/carla_driver/lib/python3.10/site-packages/carla_driver
copying /home/master/Documents/Programming/ARI_CARLA/carla_ws/build/carla_driver/build/lib/carla_driver/carla_client_node.py -> /home/master/Documents/Programming/ARI_CARLA/carla_ws/install/carla_driver/lib/python3.10/site-packages/carla_driver
byte-compiling /home/master/Documents/Programming/ARI_CARLA/carla_ws/install/carla_driver/lib/python3.10/site-packages/carla_driver/test_files.py to test_files.cpython-310.pyc
byte-compiling /home/master/Documents/Programming/ARI_CARLA/carla_ws/install/carla_driver/lib/python3.10/site-packages/carla_driver/carla_client_node.py to carla_client_node.cpython-310.pyc
running install_data
copying package.xml -> /home/master/Documents/Programming/ARI_CARLA/carla_ws/install/carla_driver/share/carla_driver
running install_egg_info
removing '/home/master/Documents/Programming/ARI_CARLA/carla_ws/install/carla_driver/lib/python3.10/site-packages/carla_driver-0.0.0-py3.10.egg-info' (and everything under it)
Copying ../../build/carla_driver/carla_driver.egg-info to /home/master/Documents/Programming/ARI_CARLA/carla_ws/install/carla_driver/lib/python3.10/site-packages/carla_driver-0.0.0-py3.10.egg-info
running install_scripts
Installing carla_client_node script to /home/master/Documents/Programming/ARI_CARLA/carla_ws/install/carla_driver/lib/carla_driver
Installing carla_other_vehicles script to /home/master/Documents/Programming/ARI_CARLA/carla_ws/install/carla_driver/lib/carla_driver
Installing test_client script to /home/master/Documents/Programming/ARI_CARLA/carla_ws/install/carla_driver/lib/carla_driver
writing list of installed files to '/home/master/Documents/Programming/ARI_CARLA/carla_ws/build/carla_driver/install.log'
