[0.498s] Invoking command in '/home/master/Documents/Programming/ARI_CARLA/carla_ws/src/carla_driver': PYTHONPATH=/home/master/Documents/Programming/ARI_CARLA/carla_ws/build/carla_driver/prefix_override:/usr/lib/python3/dist-packages/colcon_core/task/python/colcon_distutils_commands:/home/master/Documents/Programming/ARI_CARLA/carla_ws/install/carla_driver/lib/python3.10/site-packages:${PYTHONPATH} /usr/bin/python3 -W ignore:setup.py install is deprecated -W ignore:easy_install command is deprecated setup.py egg_info --egg-base ../../build/carla_driver build --build-base /home/master/Documents/Programming/ARI_CARLA/carla_ws/build/carla_driver/build install --record /home/master/Documents/Programming/ARI_CARLA/carla_ws/build/carla_driver/install.log --single-version-externally-managed install_data
[0.696s] running egg_info
[0.696s] creating ../../build/carla_driver/carla_driver.egg-info
[0.696s] writing ../../build/carla_driver/carla_driver.egg-info/PKG-INFO
[0.697s] writing dependency_links to ../../build/carla_driver/carla_driver.egg-info/dependency_links.txt
[0.697s] writing entry points to ../../build/carla_driver/carla_driver.egg-info/entry_points.txt
[0.697s] writing requirements to ../../build/carla_driver/carla_driver.egg-info/requires.txt
[0.697s] writing top-level names to ../../build/carla_driver/carla_driver.egg-info/top_level.txt
[0.697s] writing manifest file '../../build/carla_driver/carla_driver.egg-info/SOURCES.txt'
[0.698s] reading manifest file '../../build/carla_driver/carla_driver.egg-info/SOURCES.txt'
[0.699s] writing manifest file '../../build/carla_driver/carla_driver.egg-info/SOURCES.txt'
[0.699s] running build
[0.699s] running build_py
[0.699s] creating /home/master/Documents/Programming/ARI_CARLA/carla_ws/build/carla_driver/build
[0.699s] creating /home/master/Documents/Programming/ARI_CARLA/carla_ws/build/carla_driver/build/lib
[0.699s] creating /home/master/Documents/Programming/ARI_CARLA/carla_ws/build/carla_driver/build/lib/carla_driver
[0.699s] copying carla_driver/__init__.py -> /home/master/Documents/Programming/ARI_CARLA/carla_ws/build/carla_driver/build/lib/carla_driver
[0.699s] copying carla_driver/carla_client_node.py -> /home/master/Documents/Programming/ARI_CARLA/carla_ws/build/carla_driver/build/lib/carla_driver
[0.699s] running install
[0.700s] running install_lib
[0.700s] creating /home/master/Documents/Programming/ARI_CARLA/carla_ws/install/carla_driver/lib/python3.10/site-packages/carla_driver
[0.700s] copying /home/master/Documents/Programming/ARI_CARLA/carla_ws/build/carla_driver/build/lib/carla_driver/__init__.py -> /home/master/Documents/Programming/ARI_CARLA/carla_ws/install/carla_driver/lib/python3.10/site-packages/carla_driver
[0.700s] copying /home/master/Documents/Programming/ARI_CARLA/carla_ws/build/carla_driver/build/lib/carla_driver/carla_client_node.py -> /home/master/Documents/Programming/ARI_CARLA/carla_ws/install/carla_driver/lib/python3.10/site-packages/carla_driver
[0.701s] byte-compiling /home/master/Documents/Programming/ARI_CARLA/carla_ws/install/carla_driver/lib/python3.10/site-packages/carla_driver/__init__.py to __init__.cpython-310.pyc
[0.701s] byte-compiling /home/master/Documents/Programming/ARI_CARLA/carla_ws/install/carla_driver/lib/python3.10/site-packages/carla_driver/carla_client_node.py to carla_client_node.cpython-310.pyc
[0.701s] running install_data
[0.701s] creating /home/master/Documents/Programming/ARI_CARLA/carla_ws/install/carla_driver/share/ament_index
[0.701s] creating /home/master/Documents/Programming/ARI_CARLA/carla_ws/install/carla_driver/share/ament_index/resource_index
[0.701s] creating /home/master/Documents/Programming/ARI_CARLA/carla_ws/install/carla_driver/share/ament_index/resource_index/packages
[0.701s] copying resource/carla_driver -> /home/master/Documents/Programming/ARI_CARLA/carla_ws/install/carla_driver/share/ament_index/resource_index/packages
[0.701s] copying package.xml -> /home/master/Documents/Programming/ARI_CARLA/carla_ws/install/carla_driver/share/carla_driver
[0.701s] running install_egg_info
[0.703s] Copying ../../build/carla_driver/carla_driver.egg-info to /home/master/Documents/Programming/ARI_CARLA/carla_ws/install/carla_driver/lib/python3.10/site-packages/carla_driver-0.0.0-py3.10.egg-info
[0.703s] running install_scripts
[0.719s] writing list of installed files to '/home/master/Documents/Programming/ARI_CARLA/carla_ws/build/carla_driver/install.log'
[0.734s] Invoked command in '/home/master/Documents/Programming/ARI_CARLA/carla_ws/src/carla_driver' returned '0': PYTHONPATH=/home/master/Documents/Programming/ARI_CARLA/carla_ws/build/carla_driver/prefix_override:/usr/lib/python3/dist-packages/colcon_core/task/python/colcon_distutils_commands:/home/master/Documents/Programming/ARI_CARLA/carla_ws/install/carla_driver/lib/python3.10/site-packages:${PYTHONPATH} /usr/bin/python3 -W ignore:setup.py install is deprecated -W ignore:easy_install command is deprecated setup.py egg_info --egg-base ../../build/carla_driver build --build-base /home/master/Documents/Programming/ARI_CARLA/carla_ws/build/carla_driver/build install --record /home/master/Documents/Programming/ARI_CARLA/carla_ws/build/carla_driver/install.log --single-version-externally-managed install_data
