[0.529s] Invoking command in '/home/master/Documents/Programming/ARI_CARLA/carla_ws/src/carla_driver': PYTHONPATH=/home/master/Documents/Programming/ARI_CARLA/carla_ws/build/carla_driver/prefix_override:/usr/lib/python3/dist-packages/colcon_core/task/python/colcon_distutils_commands:/home/master/Documents/Programming/ARI_CARLA/carla_ws/install/carla_driver/lib/python3.10/site-packages:${PYTHONPATH} /usr/bin/python3 -W ignore:setup.py install is deprecated -W ignore:easy_install command is deprecated setup.py egg_info --egg-base ../../build/carla_driver build --build-base /home/master/Documents/Programming/ARI_CARLA/carla_ws/build/carla_driver/build install --record /home/master/Documents/Programming/ARI_CARLA/carla_ws/build/carla_driver/install.log --single-version-externally-managed install_data
[0.747s] running egg_info
[0.748s] writing ../../build/carla_driver/carla_driver.egg-info/PKG-INFO
[0.748s] writing dependency_links to ../../build/carla_driver/carla_driver.egg-info/dependency_links.txt
[0.748s] writing entry points to ../../build/carla_driver/carla_driver.egg-info/entry_points.txt
[0.748s] writing requirements to ../../build/carla_driver/carla_driver.egg-info/requires.txt
[0.748s] writing top-level names to ../../build/carla_driver/carla_driver.egg-info/top_level.txt
[0.750s] reading manifest file '../../build/carla_driver/carla_driver.egg-info/SOURCES.txt'
[0.751s] writing manifest file '../../build/carla_driver/carla_driver.egg-info/SOURCES.txt'
[0.751s] running build
[0.752s] running build_py
[0.752s] running install
[0.752s] running install_lib
[0.753s] running install_data
[0.753s] running install_egg_info
[0.755s] removing '/home/master/Documents/Programming/ARI_CARLA/carla_ws/install/carla_driver/lib/python3.10/site-packages/carla_driver-0.0.0-py3.10.egg-info' (and everything under it)
[0.755s] Copying ../../build/carla_driver/carla_driver.egg-info to /home/master/Documents/Programming/ARI_CARLA/carla_ws/install/carla_driver/lib/python3.10/site-packages/carla_driver-0.0.0-py3.10.egg-info
[0.756s] running install_scripts
[0.773s] Installing carla_client_node script to /home/master/Documents/Programming/ARI_CARLA/carla_ws/install/carla_driver/lib/carla_driver
[0.773s] Installing carla_other_vehicles script to /home/master/Documents/Programming/ARI_CARLA/carla_ws/install/carla_driver/lib/carla_driver
[0.774s] writing list of installed files to '/home/master/Documents/Programming/ARI_CARLA/carla_ws/build/carla_driver/install.log'
[0.790s] Invoked command in '/home/master/Documents/Programming/ARI_CARLA/carla_ws/src/carla_driver' returned '0': PYTHONPATH=/home/master/Documents/Programming/ARI_CARLA/carla_ws/build/carla_driver/prefix_override:/usr/lib/python3/dist-packages/colcon_core/task/python/colcon_distutils_commands:/home/master/Documents/Programming/ARI_CARLA/carla_ws/install/carla_driver/lib/python3.10/site-packages:${PYTHONPATH} /usr/bin/python3 -W ignore:setup.py install is deprecated -W ignore:easy_install command is deprecated setup.py egg_info --egg-base ../../build/carla_driver build --build-base /home/master/Documents/Programming/ARI_CARLA/carla_ws/build/carla_driver/build install --record /home/master/Documents/Programming/ARI_CARLA/carla_ws/build/carla_driver/install.log --single-version-externally-managed install_data
