[0.567s] Invoking command in '/home/master/Documents/Programming/ARI_CARLA/carla_ws/src/carla_driver': PYTHONPATH=/home/master/Documents/Programming/ARI_CARLA/carla_ws/build/carla_driver/prefix_override:/usr/lib/python3/dist-packages/colcon_core/task/python/colcon_distutils_commands:/home/master/Documents/Programming/ARI_CARLA/carla_ws/install/carla_driver/lib/python3.10/site-packages:${PYTHONPATH} /usr/bin/python3 -W ignore:setup.py install is deprecated -W ignore:easy_install command is deprecated setup.py egg_info --egg-base ../../build/carla_driver build --build-base /home/master/Documents/Programming/ARI_CARLA/carla_ws/build/carla_driver/build install --record /home/master/Documents/Programming/ARI_CARLA/carla_ws/build/carla_driver/install.log --single-version-externally-managed install_data
[0.796s] running egg_info
[0.797s] writing ../../build/carla_driver/carla_driver.egg-info/PKG-INFO
[0.798s] writing dependency_links to ../../build/carla_driver/carla_driver.egg-info/dependency_links.txt
[0.798s] writing entry points to ../../build/carla_driver/carla_driver.egg-info/entry_points.txt
[0.798s] writing requirements to ../../build/carla_driver/carla_driver.egg-info/requires.txt
[0.798s] writing top-level names to ../../build/carla_driver/carla_driver.egg-info/top_level.txt
[0.799s] reading manifest file '../../build/carla_driver/carla_driver.egg-info/SOURCES.txt'
[0.800s] writing manifest file '../../build/carla_driver/carla_driver.egg-info/SOURCES.txt'
[0.800s] running build
[0.800s] running build_py
[0.801s] copying carla_driver/test_files.py -> /home/master/Documents/Programming/ARI_CARLA/carla_ws/build/carla_driver/build/lib/carla_driver
[0.801s] running install
[0.801s] running install_lib
[0.802s] copying /home/master/Documents/Programming/ARI_CARLA/carla_ws/build/carla_driver/build/lib/carla_driver/test_files.py -> /home/master/Documents/Programming/ARI_CARLA/carla_ws/install/carla_driver/lib/python3.10/site-packages/carla_driver
[0.803s] byte-compiling /home/master/Documents/Programming/ARI_CARLA/carla_ws/install/carla_driver/lib/python3.10/site-packages/carla_driver/test_files.py to test_files.cpython-310.pyc
[0.805s] running install_data
[0.805s] running install_egg_info
[0.806s] removing '/home/master/Documents/Programming/ARI_CARLA/carla_ws/install/carla_driver/lib/python3.10/site-packages/carla_driver-0.0.0-py3.10.egg-info' (and everything under it)
[0.807s] Copying ../../build/carla_driver/carla_driver.egg-info to /home/master/Documents/Programming/ARI_CARLA/carla_ws/install/carla_driver/lib/python3.10/site-packages/carla_driver-0.0.0-py3.10.egg-info
[0.808s] running install_scripts
[0.824s] Installing carla_client_node script to /home/master/Documents/Programming/ARI_CARLA/carla_ws/install/carla_driver/lib/carla_driver
[0.824s] Installing carla_other_vehicles script to /home/master/Documents/Programming/ARI_CARLA/carla_ws/install/carla_driver/lib/carla_driver
[0.824s] Installing test_client script to /home/master/Documents/Programming/ARI_CARLA/carla_ws/install/carla_driver/lib/carla_driver
[0.824s] writing list of installed files to '/home/master/Documents/Programming/ARI_CARLA/carla_ws/build/carla_driver/install.log'
[0.840s] Invoked command in '/home/master/Documents/Programming/ARI_CARLA/carla_ws/src/carla_driver' returned '0': PYTHONPATH=/home/master/Documents/Programming/ARI_CARLA/carla_ws/build/carla_driver/prefix_override:/usr/lib/python3/dist-packages/colcon_core/task/python/colcon_distutils_commands:/home/master/Documents/Programming/ARI_CARLA/carla_ws/install/carla_driver/lib/python3.10/site-packages:${PYTHONPATH} /usr/bin/python3 -W ignore:setup.py install is deprecated -W ignore:easy_install command is deprecated setup.py egg_info --egg-base ../../build/carla_driver build --build-base /home/master/Documents/Programming/ARI_CARLA/carla_ws/build/carla_driver/build install --record /home/master/Documents/Programming/ARI_CARLA/carla_ws/build/carla_driver/install.log --single-version-externally-managed install_data
